{
  "C:/Users/User/softwareConstructionAndConfig/assignment3/vue3-realworld-example-app/src/components/AppLink.vue": {
    "path": "C:/Users/User/softwareConstructionAndConfig/assignment3/vue3-realworld-example-app/src/components/AppLink.vue",
    "statementMap": {
      "0": {
        "start": {
          "line": 2,
          "column": 18
        },
        "end": {
          "line": 15,
          "column": 2
        }
      },
      "1": {
        "start": {
          "line": 6,
          "column": 61
        },
        "end": {
          "line": 6,
          "column": 63
        }
      },
      "2": {
        "start": {
          "line": 9,
          "column": 4
        },
        "end": {
          "line": 9,
          "column": 13
        }
      },
      "3": {
        "start": {
          "line": 10,
          "column": 18
        },
        "end": {
          "line": 10,
          "column": 25
        }
      },
      "4": {
        "start": {
          "line": 11,
          "column": 25
        },
        "end": {
          "line": 11,
          "column": 34
        }
      },
      "5": {
        "start": {
          "line": 12,
          "column": 4
        },
        "end": {
          "line": 12,
          "column": 95
        }
      },
      "6": {
        "start": {
          "line": 13,
          "column": 4
        },
        "end": {
          "line": 13,
          "column": 24
        }
      },
      "7": {
        "start": {
          "line": 18,
          "column": 32
        },
        "end": {
          "line": 18,
          "column": 63
        }
      },
      "8": {
        "start": {
          "line": 19,
          "column": 2
        },
        "end": {
          "line": 27,
          "column": 24
        }
      },
      "9": {
        "start": {
          "line": 23,
          "column": 28
        },
        "end": {
          "line": 25,
          "column": 5
        }
      },
      "10": {
        "start": {
          "line": 29,
          "column": 0
        },
        "end": {
          "line": 29,
          "column": 31
        }
      },
      "11": {
        "start": {
          "line": 30,
          "column": 0
        },
        "end": {
          "line": 30,
          "column": 109
        }
      },
      "12": {
        "start": {
          "line": 31,
          "column": 0
        },
        "end": {
          "line": 37,
          "column": 3
        }
      },
      "13": {
        "start": {
          "line": 32,
          "column": 2
        },
        "end": {
          "line": 36,
          "column": 3
        }
      },
      "14": {
        "start": {
          "line": 33,
          "column": 4
        },
        "end": {
          "line": 33,
          "column": 66
        }
      },
      "15": {
        "start": {
          "line": 35,
          "column": 4
        },
        "end": {
          "line": 35,
          "column": 57
        }
      }
    },
    "fnMap": {
      "0": {
        "name": "(anonymous_0)",
        "decl": {
          "start": {
            "line": 6,
            "column": 54
          },
          "end": {
            "line": 6,
            "column": 55
          }
        },
        "loc": {
          "start": {
            "line": 6,
            "column": 61
          },
          "end": {
            "line": 6,
            "column": 63
          }
        },
        "line": 6
      },
      "1": {
        "name": "(anonymous_1)",
        "decl": {
          "start": {
            "line": 8,
            "column": 2
          },
          "end": {
            "line": 8,
            "column": 3
          }
        },
        "loc": {
          "start": {
            "line": 8,
            "column": 29
          },
          "end": {
            "line": 14,
            "column": 3
          }
        },
        "line": 8
      },
      "2": {
        "name": "_sfc_render",
        "decl": {
          "start": {
            "line": 17,
            "column": 9
          },
          "end": {
            "line": 17,
            "column": 20
          }
        },
        "loc": {
          "start": {
            "line": 17,
            "column": 68
          },
          "end": {
            "line": 28,
            "column": 1
          }
        },
        "line": 17
      },
      "3": {
        "name": "(anonymous_3)",
        "decl": {
          "start": {
            "line": 23,
            "column": 22
          },
          "end": {
            "line": 23,
            "column": 23
          }
        },
        "loc": {
          "start": {
            "line": 23,
            "column": 28
          },
          "end": {
            "line": 25,
            "column": 5
          }
        },
        "line": 23
      },
      "4": {
        "name": "(anonymous_4)",
        "decl": {
          "start": {
            "line": 31,
            "column": 23
          },
          "end": {
            "line": 31,
            "column": 24
          }
        },
        "loc": {
          "start": {
            "line": 31,
            "column": 65
          },
          "end": {
            "line": 37,
            "column": 1
          }
        },
        "line": 31
      }
    },
    "branchMap": {
      "0": {
        "loc": {
          "start": {
            "line": 30,
            "column": 0
          },
          "end": {
            "line": 30,
            "column": 108
          }
        },
        "type": "binary-expr",
        "locations": [
          {
            "start": {
              "line": 30,
              "column": 0
            },
            "end": {
              "line": 30,
              "column": 42
            }
          },
          {
            "start": {
              "line": 30,
              "column": 46
            },
            "end": {
              "line": 30,
              "column": 108
            }
          }
        ],
        "line": 30
      },
      "1": {
        "loc": {
          "start": {
            "line": 32,
            "column": 2
          },
          "end": {
            "line": 36,
            "column": 3
          }
        },
        "type": "if",
        "locations": [
          {
            "start": {
              "line": 32,
              "column": 2
            },
            "end": {
              "line": 36,
              "column": 3
            }
          },
          {
            "start": {
              "line": 34,
              "column": 9
            },
            "end": {
              "line": 36,
              "column": 3
            }
          }
        ],
        "line": 32
      }
    },
    "s": {
      "0": 54,
      "1": 47,
      "2": 218,
      "3": 218,
      "4": 218,
      "5": 218,
      "6": 218,
      "7": 286,
      "8": 286,
      "9": 460,
      "10": 54,
      "11": 54,
      "12": 54,
      "13": 0,
      "14": 0,
      "15": 0
    },
    "f": {
      "0": 47,
      "1": 218,
      "2": 286,
      "3": 460,
      "4": 0
    },
    "b": {
      "0": [
        54,
        54
      ],
      "1": [
        0,
        0
      ]
    },
    "inputSourceMap": {
      "version": 3,
      "mappings": ";;;;;;;;;;;;;;;;;;uBACE,aAKa;AAAA,IAJV,cAAY,aAAM;AAAA,IAClB,IAAI;AAAA;sBAEL,MAAQ;AAAA,MAAR,YAAQ;AAAA",
      "names": [],
      "sources": [
        "C:/Users/User/softwareConstructionAndConfig/assignment3/vue3-realworld-example-app/src/components/AppLink.vue"
      ],
      "file": "C:/Users/User/softwareConstructionAndConfig/assignment3/vue3-realworld-example-app/src/components/AppLink.vue"
    },
    "_coverageSchema": "1a1c01bbd47fc00a2c39e90264f33305004495a9",
    "hash": "9a82ec5ce13e4fbfeb0cfecd25352fd33fb67ef6"
  },
  "C:/Users/User/softwareConstructionAndConfig/assignment3/vue3-realworld-example-app/src/plugins/global-components.ts": {
    "path": "C:/Users/User/softwareConstructionAndConfig/assignment3/vue3-realworld-example-app/src/plugins/global-components.ts",
    "statementMap": {
      "0": {
        "start": {
          "line": 3,
          "column": 2
        },
        "end": {
          "line": 3,
          "column": 36
        }
      }
    },
    "fnMap": {
      "0": {
        "name": "registerGlobalComponents",
        "decl": {
          "start": {
            "line": 2,
            "column": 24
          },
          "end": {
            "line": 2,
            "column": 48
          }
        },
        "loc": {
          "start": {
            "line": 2,
            "column": 54
          },
          "end": {
            "line": 4,
            "column": 1
          }
        },
        "line": 2
      }
    },
    "branchMap": {},
    "s": {
      "0": 87
    },
    "f": {
      "0": 87
    },
    "b": {},
    "inputSourceMap": {
      "version": 3,
      "sources": [
        "C:/Users/User/softwareConstructionAndConfig/assignment3/vue3-realworld-example-app/src/plugins/global-components.ts"
      ],
      "mappings": "AAAA;AAGA,iDAAkD,KAAgB;AAChE,MAAI,UAAU,WAAW,OAAO;AAClC;",
      "names": []
    },
    "_coverageSchema": "1a1c01bbd47fc00a2c39e90264f33305004495a9",
    "hash": "7dea058d8f743786c65126b11f65e720cd64f53b"
  },
  "C:/Users/User/softwareConstructionAndConfig/assignment3/vue3-realworld-example-app/src/services/api.ts": {
    "path": "C:/Users/User/softwareConstructionAndConfig/assignment3/vue3-realworld-example-app/src/services/api.ts",
    "statementMap": {
      "0": {
        "start": {
          "line": 1,
          "column": 41
        },
        "end": {
          "line": 6,
          "column": 21
        }
      },
      "1": {
        "start": {
          "line": 2,
          "column": 2
        },
        "end": {
          "line": 2,
          "column": 44
        }
      },
      "2": {
        "start": {
          "line": 3,
          "column": 2
        },
        "end": {
          "line": 3,
          "column": 51
        }
      },
      "3": {
        "start": {
          "line": 4,
          "column": 2
        },
        "end": {
          "line": 4,
          "column": 67
        }
      },
      "4": {
        "start": {
          "line": 5,
          "column": 2
        },
        "end": {
          "line": 5,
          "column": 22
        }
      },
      "5": {
        "start": {
          "line": 8,
          "column": 12
        },
        "end": {
          "line": 8,
          "column": 18
        }
      },
      "6": {
        "start": {
          "line": 9,
          "column": 17
        },
        "end": {
          "line": 9,
          "column": 21
        }
      },
      "7": {
        "start": {
          "line": 11,
          "column": 37
        },
        "end": {
          "line": 11,
          "column": 46
        }
      },
      "8": {
        "start": {
          "line": 12,
          "column": 16
        },
        "end": {
          "line": 12,
          "column": 57
        }
      },
      "9": {
        "start": {
          "line": 12,
          "column": 36
        },
        "end": {
          "line": 12,
          "column": 57
        }
      },
      "10": {
        "start": {
          "line": 13,
          "column": 18
        },
        "end": {
          "line": 18,
          "column": 3
        }
      },
      "11": {
        "start": {
          "line": 20,
          "column": 4
        },
        "end": {
          "line": 20,
          "column": 35
        }
      },
      "12": {
        "start": {
          "line": 22,
          "column": 20
        },
        "end": {
          "line": 24,
          "column": 3
        }
      },
      "13": {
        "start": {
          "line": 23,
          "column": 4
        },
        "end": {
          "line": 23,
          "column": 29
        }
      },
      "14": {
        "start": {
          "line": 26,
          "column": 23
        },
        "end": {
          "line": 26,
          "column": 46
        }
      },
      "15": {
        "start": {
          "line": 27,
          "column": 4
        },
        "end": {
          "line": 27,
          "column": 97
        }
      },
      "16": {
        "start": {
          "line": 30,
          "column": 4
        },
        "end": {
          "line": 30,
          "column": 50
        }
      },
      "17": {
        "start": {
          "line": 33,
          "column": 18
        },
        "end": {
          "line": 33,
          "column": 28
        }
      },
      "18": {
        "start": {
          "line": 34,
          "column": 4
        },
        "end": {
          "line": 34,
          "column": 69
        }
      },
      "19": {
        "start": {
          "line": 34,
          "column": 28
        },
        "end": {
          "line": 34,
          "column": 57
        }
      },
      "20": {
        "start": {
          "line": 37,
          "column": 18
        },
        "end": {
          "line": 37,
          "column": 32
        }
      },
      "21": {
        "start": {
          "line": 38,
          "column": 17
        },
        "end": {
          "line": 38,
          "column": 86
        }
      },
      "22": {
        "start": {
          "line": 38,
          "column": 52
        },
        "end": {
          "line": 38,
          "column": 85
        }
      },
      "23": {
        "start": {
          "line": 39,
          "column": 4
        },
        "end": {
          "line": 39,
          "column": 137
        }
      },
      "24": {
        "start": {
          "line": 39,
          "column": 29
        },
        "end": {
          "line": 39,
          "column": 125
        }
      },
      "25": {
        "start": {
          "line": 42,
          "column": 24
        },
        "end": {
          "line": 42,
          "column": 52
        }
      },
      "26": {
        "start": {
          "line": 43,
          "column": 4
        },
        "end": {
          "line": 43,
          "column": 48
        }
      },
      "27": {
        "start": {
          "line": 45,
          "column": 22
        },
        "end": {
          "line": 53,
          "column": 3
        }
      },
      "28": {
        "start": {
          "line": 46,
          "column": 48
        },
        "end": {
          "line": 46,
          "column": 154
        }
      },
      "29": {
        "start": {
          "line": 47,
          "column": 55
        },
        "end": {
          "line": 51,
          "column": 22
        }
      },
      "30": {
        "start": {
          "line": 48,
          "column": 23
        },
        "end": {
          "line": 48,
          "column": 33
        }
      },
      "31": {
        "start": {
          "line": 49,
          "column": 6
        },
        "end": {
          "line": 49,
          "column": 159
        }
      },
      "32": {
        "start": {
          "line": 50,
          "column": 6
        },
        "end": {
          "line": 50,
          "column": 22
        }
      },
      "33": {
        "start": {
          "line": 52,
          "column": 71
        },
        "end": {
          "line": 52,
          "column": 96
        }
      },
      "34": {
        "start": {
          "line": 55,
          "column": 4
        },
        "end": {
          "line": 64,
          "column": 6
        }
      },
      "35": {
        "start": {
          "line": 66,
          "column": 22
        },
        "end": {
          "line": 77,
          "column": 3
        }
      },
      "36": {
        "start": {
          "line": 67,
          "column": 4
        },
        "end": {
          "line": 73,
          "column": 5
        }
      },
      "37": {
        "start": {
          "line": 68,
          "column": 31
        },
        "end": {
          "line": 68,
          "column": 69
        }
      },
      "38": {
        "start": {
          "line": 69,
          "column": 6
        },
        "end": {
          "line": 71,
          "column": 7
        }
      },
      "39": {
        "start": {
          "line": 70,
          "column": 8
        },
        "end": {
          "line": 70,
          "column": 39
        }
      },
      "40": {
        "start": {
          "line": 72,
          "column": 6
        },
        "end": {
          "line": 72,
          "column": 20
        }
      },
      "41": {
        "start": {
          "line": 74,
          "column": 28
        },
        "end": {
          "line": 74,
          "column": 49
        }
      },
      "42": {
        "start": {
          "line": 75,
          "column": 4
        },
        "end": {
          "line": 75,
          "column": 60
        }
      },
      "43": {
        "start": {
          "line": 76,
          "column": 4
        },
        "end": {
          "line": 76,
          "column": 34
        }
      },
      "44": {
        "start": {
          "line": 78,
          "column": 17
        },
        "end": {
          "line": 84,
          "column": 3
        }
      },
      "45": {
        "start": {
          "line": 79,
          "column": 28
        },
        "end": {
          "line": 79,
          "column": 66
        }
      },
      "46": {
        "start": {
          "line": 80,
          "column": 4
        },
        "end": {
          "line": 83,
          "column": 5
        }
      },
      "47": {
        "start": {
          "line": 81,
          "column": 6
        },
        "end": {
          "line": 81,
          "column": 30
        }
      },
      "48": {
        "start": {
          "line": 82,
          "column": 6
        },
        "end": {
          "line": 82,
          "column": 48
        }
      },
      "49": {
        "start": {
          "line": 85,
          "column": 12
        },
        "end": {
          "line": 131,
          "column": 3
        }
      },
      "50": {
        "start": {
          "line": 96,
          "column": 25
        },
        "end": {
          "line": 96,
          "column": 168
        }
      },
      "51": {
        "start": {
          "line": 97,
          "column": 26
        },
        "end": {
          "line": 97,
          "column": 71
        }
      },
      "52": {
        "start": {
          "line": 98,
          "column": 24
        },
        "end": {
          "line": 98,
          "column": 58
        }
      },
      "53": {
        "start": {
          "line": 99,
          "column": 29
        },
        "end": {
          "line": 99,
          "column": 90
        }
      },
      "54": {
        "start": {
          "line": 100,
          "column": 27
        },
        "end": {
          "line": 100,
          "column": 57
        }
      },
      "55": {
        "start": {
          "line": 101,
          "column": 4
        },
        "end": {
          "line": 130,
          "column": 7
        }
      },
      "56": {
        "start": {
          "line": 110,
          "column": 16
        },
        "end": {
          "line": 110,
          "column": 24
        }
      },
      "57": {
        "start": {
          "line": 111,
          "column": 6
        },
        "end": {
          "line": 111,
          "column": 20
        }
      },
      "58": {
        "start": {
          "line": 112,
          "column": 6
        },
        "end": {
          "line": 112,
          "column": 21
        }
      },
      "59": {
        "start": {
          "line": 113,
          "column": 19
        },
        "end": {
          "line": 123,
          "column": 8
        }
      },
      "60": {
        "start": {
          "line": 114,
          "column": 8
        },
        "end": {
          "line": 118,
          "column": 9
        }
      },
      "61": {
        "start": {
          "line": 115,
          "column": 10
        },
        "end": {
          "line": 115,
          "column": 25
        }
      },
      "62": {
        "start": {
          "line": 117,
          "column": 10
        },
        "end": {
          "line": 117,
          "column": 26
        }
      },
      "63": {
        "start": {
          "line": 119,
          "column": 8
        },
        "end": {
          "line": 119,
          "column": 17
        }
      },
      "64": {
        "start": {
          "line": 121,
          "column": 8
        },
        "end": {
          "line": 121,
          "column": 20
        }
      },
      "65": {
        "start": {
          "line": 122,
          "column": 8
        },
        "end": {
          "line": 122,
          "column": 17
        }
      },
      "66": {
        "start": {
          "line": 124,
          "column": 6
        },
        "end": {
          "line": 126,
          "column": 7
        }
      },
      "67": {
        "start": {
          "line": 125,
          "column": 8
        },
        "end": {
          "line": 125,
          "column": 50
        }
      },
      "68": {
        "start": {
          "line": 127,
          "column": 6
        },
        "end": {
          "line": 128,
          "column": 19
        }
      },
      "69": {
        "start": {
          "line": 128,
          "column": 8
        },
        "end": {
          "line": 128,
          "column": 19
        }
      },
      "70": {
        "start": {
          "line": 129,
          "column": 6
        },
        "end": {
          "line": 129,
          "column": 18
        }
      },
      "71": {
        "start": {
          "line": 143,
          "column": 10
        },
        "end": {
          "line": 160,
          "column": 3
        }
      },
      "72": {
        "start": {
          "line": 144,
          "column": 34
        },
        "end": {
          "line": 151,
          "column": 6
        }
      },
      "73": {
        "start": {
          "line": 152,
          "column": 39
        },
        "end": {
          "line": 159,
          "column": 6
        }
      },
      "74": {
        "start": {
          "line": 161,
          "column": 9
        },
        "end": {
          "line": 178,
          "column": 3
        }
      },
      "75": {
        "start": {
          "line": 162,
          "column": 37
        },
        "end": {
          "line": 168,
          "column": 6
        }
      },
      "76": {
        "start": {
          "line": 169,
          "column": 46
        },
        "end": {
          "line": 177,
          "column": 6
        }
      },
      "77": {
        "start": {
          "line": 179,
          "column": 13
        },
        "end": {
          "line": 200,
          "column": 3
        }
      },
      "78": {
        "start": {
          "line": 180,
          "column": 53
        },
        "end": {
          "line": 185,
          "column": 6
        }
      },
      "79": {
        "start": {
          "line": 186,
          "column": 53
        },
        "end": {
          "line": 192,
          "column": 6
        }
      },
      "80": {
        "start": {
          "line": 193,
          "column": 55
        },
        "end": {
          "line": 199,
          "column": 6
        }
      },
      "81": {
        "start": {
          "line": 201,
          "column": 13
        },
        "end": {
          "line": 282,
          "column": 3
        }
      },
      "82": {
        "start": {
          "line": 202,
          "column": 45
        },
        "end": {
          "line": 209,
          "column": 6
        }
      },
      "83": {
        "start": {
          "line": 210,
          "column": 41
        },
        "end": {
          "line": 216,
          "column": 6
        }
      },
      "84": {
        "start": {
          "line": 217,
          "column": 42
        },
        "end": {
          "line": 225,
          "column": 6
        }
      },
      "85": {
        "start": {
          "line": 226,
          "column": 39
        },
        "end": {
          "line": 231,
          "column": 6
        }
      },
      "86": {
        "start": {
          "line": 232,
          "column": 48
        },
        "end": {
          "line": 240,
          "column": 6
        }
      },
      "87": {
        "start": {
          "line": 241,
          "column": 42
        },
        "end": {
          "line": 246,
          "column": 6
        }
      },
      "88": {
        "start": {
          "line": 247,
          "column": 47
        },
        "end": {
          "line": 252,
          "column": 6
        }
      },
      "89": {
        "start": {
          "line": 253,
          "column": 55
        },
        "end": {
          "line": 261,
          "column": 6
        }
      },
      "90": {
        "start": {
          "line": 262,
          "column": 53
        },
        "end": {
          "line": 267,
          "column": 6
        }
      },
      "91": {
        "start": {
          "line": 268,
          "column": 50
        },
        "end": {
          "line": 274,
          "column": 6
        }
      },
      "92": {
        "start": {
          "line": 275,
          "column": 50
        },
        "end": {
          "line": 281,
          "column": 6
        }
      },
      "93": {
        "start": {
          "line": 283,
          "column": 9
        },
        "end": {
          "line": 290,
          "column": 3
        }
      },
      "94": {
        "start": {
          "line": 284,
          "column": 31
        },
        "end": {
          "line": 289,
          "column": 6
        }
      }
    },
    "fnMap": {
      "0": {
        "name": "(anonymous_0)",
        "decl": {
          "start": {
            "line": 1,
            "column": 42
          },
          "end": {
            "line": 1,
            "column": 43
          }
        },
        "loc": {
          "start": {
            "line": 1,
            "column": 60
          },
          "end": {
            "line": 6,
            "column": 1
          }
        },
        "line": 1
      },
      "1": {
        "name": "(anonymous_1)",
        "decl": {
          "start": {
            "line": 12,
            "column": 16
          },
          "end": {
            "line": 12,
            "column": 17
          }
        },
        "loc": {
          "start": {
            "line": 12,
            "column": 36
          },
          "end": {
            "line": 12,
            "column": 57
          }
        },
        "line": 12
      },
      "2": {
        "name": "(anonymous_2)",
        "decl": {
          "start": {
            "line": 19,
            "column": 2
          },
          "end": {
            "line": 19,
            "column": 3
          }
        },
        "loc": {
          "start": {
            "line": 19,
            "column": 30
          },
          "end": {
            "line": 21,
            "column": 3
          }
        },
        "line": 19
      },
      "3": {
        "name": "(anonymous_3)",
        "decl": {
          "start": {
            "line": 22,
            "column": 20
          },
          "end": {
            "line": 22,
            "column": 21
          }
        },
        "loc": {
          "start": {
            "line": 22,
            "column": 30
          },
          "end": {
            "line": 24,
            "column": 3
          }
        },
        "line": 22
      },
      "4": {
        "name": "(anonymous_4)",
        "decl": {
          "start": {
            "line": 25,
            "column": 2
          },
          "end": {
            "line": 25,
            "column": 3
          }
        },
        "loc": {
          "start": {
            "line": 25,
            "column": 31
          },
          "end": {
            "line": 28,
            "column": 3
          }
        },
        "line": 25
      },
      "5": {
        "name": "(anonymous_5)",
        "decl": {
          "start": {
            "line": 29,
            "column": 2
          },
          "end": {
            "line": 29,
            "column": 3
          }
        },
        "loc": {
          "start": {
            "line": 29,
            "column": 28
          },
          "end": {
            "line": 31,
            "column": 3
          }
        },
        "line": 29
      },
      "6": {
        "name": "(anonymous_6)",
        "decl": {
          "start": {
            "line": 32,
            "column": 2
          },
          "end": {
            "line": 32,
            "column": 3
          }
        },
        "loc": {
          "start": {
            "line": 32,
            "column": 33
          },
          "end": {
            "line": 35,
            "column": 3
          }
        },
        "line": 32
      },
      "7": {
        "name": "(anonymous_7)",
        "decl": {
          "start": {
            "line": 34,
            "column": 21
          },
          "end": {
            "line": 34,
            "column": 22
          }
        },
        "loc": {
          "start": {
            "line": 34,
            "column": 28
          },
          "end": {
            "line": 34,
            "column": 57
          }
        },
        "line": 34
      },
      "8": {
        "name": "(anonymous_8)",
        "decl": {
          "start": {
            "line": 36,
            "column": 2
          },
          "end": {
            "line": 36,
            "column": 3
          }
        },
        "loc": {
          "start": {
            "line": 36,
            "column": 26
          },
          "end": {
            "line": 40,
            "column": 3
          }
        },
        "line": 36
      },
      "9": {
        "name": "(anonymous_9)",
        "decl": {
          "start": {
            "line": 38,
            "column": 43
          },
          "end": {
            "line": 38,
            "column": 44
          }
        },
        "loc": {
          "start": {
            "line": 38,
            "column": 52
          },
          "end": {
            "line": 38,
            "column": 85
          }
        },
        "line": 38
      },
      "10": {
        "name": "(anonymous_10)",
        "decl": {
          "start": {
            "line": 39,
            "column": 20
          },
          "end": {
            "line": 39,
            "column": 21
          }
        },
        "loc": {
          "start": {
            "line": 39,
            "column": 29
          },
          "end": {
            "line": 39,
            "column": 125
          }
        },
        "line": 39
      },
      "11": {
        "name": "(anonymous_11)",
        "decl": {
          "start": {
            "line": 41,
            "column": 2
          },
          "end": {
            "line": 41,
            "column": 3
          }
        },
        "loc": {
          "start": {
            "line": 41,
            "column": 27
          },
          "end": {
            "line": 44,
            "column": 3
          }
        },
        "line": 41
      },
      "12": {
        "name": "(anonymous_12)",
        "decl": {
          "start": {
            "line": 46,
            "column": 37
          },
          "end": {
            "line": 46,
            "column": 38
          }
        },
        "loc": {
          "start": {
            "line": 46,
            "column": 48
          },
          "end": {
            "line": 46,
            "column": 154
          }
        },
        "line": 46
      },
      "13": {
        "name": "(anonymous_13)",
        "decl": {
          "start": {
            "line": 47,
            "column": 44
          },
          "end": {
            "line": 47,
            "column": 45
          }
        },
        "loc": {
          "start": {
            "line": 47,
            "column": 55
          },
          "end": {
            "line": 51,
            "column": 22
          }
        },
        "line": 47
      },
      "14": {
        "name": "(anonymous_14)",
        "decl": {
          "start": {
            "line": 47,
            "column": 87
          },
          "end": {
            "line": 47,
            "column": 88
          }
        },
        "loc": {
          "start": {
            "line": 47,
            "column": 106
          },
          "end": {
            "line": 51,
            "column": 5
          }
        },
        "line": 47
      },
      "15": {
        "name": "(anonymous_15)",
        "decl": {
          "start": {
            "line": 52,
            "column": 60
          },
          "end": {
            "line": 52,
            "column": 61
          }
        },
        "loc": {
          "start": {
            "line": 52,
            "column": 71
          },
          "end": {
            "line": 52,
            "column": 96
          }
        },
        "line": 52
      },
      "16": {
        "name": "(anonymous_16)",
        "decl": {
          "start": {
            "line": 54,
            "column": 2
          },
          "end": {
            "line": 54,
            "column": 3
          }
        },
        "loc": {
          "start": {
            "line": 54,
            "column": 39
          },
          "end": {
            "line": 65,
            "column": 3
          }
        },
        "line": 54
      },
      "17": {
        "name": "(anonymous_17)",
        "decl": {
          "start": {
            "line": 66,
            "column": 22
          },
          "end": {
            "line": 66,
            "column": 23
          }
        },
        "loc": {
          "start": {
            "line": 66,
            "column": 39
          },
          "end": {
            "line": 77,
            "column": 3
          }
        },
        "line": 66
      },
      "18": {
        "name": "(anonymous_18)",
        "decl": {
          "start": {
            "line": 78,
            "column": 17
          },
          "end": {
            "line": 78,
            "column": 18
          }
        },
        "loc": {
          "start": {
            "line": 78,
            "column": 34
          },
          "end": {
            "line": 84,
            "column": 3
          }
        },
        "line": 78
      },
      "19": {
        "name": "(anonymous_19)",
        "decl": {
          "start": {
            "line": 85,
            "column": 12
          },
          "end": {
            "line": 85,
            "column": 13
          }
        },
        "loc": {
          "start": {
            "line": 95,
            "column": 8
          },
          "end": {
            "line": 131,
            "column": 3
          }
        },
        "line": 95
      },
      "20": {
        "name": "(anonymous_20)",
        "decl": {
          "start": {
            "line": 109,
            "column": 12
          },
          "end": {
            "line": 109,
            "column": 13
          }
        },
        "loc": {
          "start": {
            "line": 109,
            "column": 32
          },
          "end": {
            "line": 130,
            "column": 5
          }
        },
        "line": 109
      },
      "21": {
        "name": "(anonymous_21)",
        "decl": {
          "start": {
            "line": 113,
            "column": 79
          },
          "end": {
            "line": 113,
            "column": 80
          }
        },
        "loc": {
          "start": {
            "line": 113,
            "column": 90
          },
          "end": {
            "line": 120,
            "column": 7
          }
        },
        "line": 113
      },
      "22": {
        "name": "(anonymous_22)",
        "decl": {
          "start": {
            "line": 120,
            "column": 15
          },
          "end": {
            "line": 120,
            "column": 16
          }
        },
        "loc": {
          "start": {
            "line": 120,
            "column": 22
          },
          "end": {
            "line": 123,
            "column": 7
          }
        },
        "line": 120
      },
      "23": {
        "name": "(anonymous_23)",
        "decl": {
          "start": {
            "line": 144,
            "column": 11
          },
          "end": {
            "line": 144,
            "column": 12
          }
        },
        "loc": {
          "start": {
            "line": 144,
            "column": 34
          },
          "end": {
            "line": 151,
            "column": 6
          }
        },
        "line": 144
      },
      "24": {
        "name": "(anonymous_24)",
        "decl": {
          "start": {
            "line": 152,
            "column": 16
          },
          "end": {
            "line": 152,
            "column": 17
          }
        },
        "loc": {
          "start": {
            "line": 152,
            "column": 39
          },
          "end": {
            "line": 159,
            "column": 6
          }
        },
        "line": 152
      },
      "25": {
        "name": "(anonymous_25)",
        "decl": {
          "start": {
            "line": 162,
            "column": 20
          },
          "end": {
            "line": 162,
            "column": 21
          }
        },
        "loc": {
          "start": {
            "line": 162,
            "column": 37
          },
          "end": {
            "line": 168,
            "column": 6
          }
        },
        "line": 162
      },
      "26": {
        "name": "(anonymous_26)",
        "decl": {
          "start": {
            "line": 169,
            "column": 23
          },
          "end": {
            "line": 169,
            "column": 24
          }
        },
        "loc": {
          "start": {
            "line": 169,
            "column": 46
          },
          "end": {
            "line": 177,
            "column": 6
          }
        },
        "line": 169
      },
      "27": {
        "name": "(anonymous_27)",
        "decl": {
          "start": {
            "line": 180,
            "column": 26
          },
          "end": {
            "line": 180,
            "column": 27
          }
        },
        "loc": {
          "start": {
            "line": 180,
            "column": 53
          },
          "end": {
            "line": 185,
            "column": 6
          }
        },
        "line": 180
      },
      "28": {
        "name": "(anonymous_28)",
        "decl": {
          "start": {
            "line": 186,
            "column": 26
          },
          "end": {
            "line": 186,
            "column": 27
          }
        },
        "loc": {
          "start": {
            "line": 186,
            "column": 53
          },
          "end": {
            "line": 192,
            "column": 6
          }
        },
        "line": 186
      },
      "29": {
        "name": "(anonymous_29)",
        "decl": {
          "start": {
            "line": 193,
            "column": 28
          },
          "end": {
            "line": 193,
            "column": 29
          }
        },
        "loc": {
          "start": {
            "line": 193,
            "column": 55
          },
          "end": {
            "line": 199,
            "column": 6
          }
        },
        "line": 193
      },
      "30": {
        "name": "(anonymous_30)",
        "decl": {
          "start": {
            "line": 202,
            "column": 21
          },
          "end": {
            "line": 202,
            "column": 22
          }
        },
        "loc": {
          "start": {
            "line": 202,
            "column": 45
          },
          "end": {
            "line": 209,
            "column": 6
          }
        },
        "line": 202
      },
      "31": {
        "name": "(anonymous_31)",
        "decl": {
          "start": {
            "line": 210,
            "column": 17
          },
          "end": {
            "line": 210,
            "column": 18
          }
        },
        "loc": {
          "start": {
            "line": 210,
            "column": 41
          },
          "end": {
            "line": 216,
            "column": 6
          }
        },
        "line": 210
      },
      "32": {
        "name": "(anonymous_32)",
        "decl": {
          "start": {
            "line": 217,
            "column": 19
          },
          "end": {
            "line": 217,
            "column": 20
          }
        },
        "loc": {
          "start": {
            "line": 217,
            "column": 42
          },
          "end": {
            "line": 225,
            "column": 6
          }
        },
        "line": 217
      },
      "33": {
        "name": "(anonymous_33)",
        "decl": {
          "start": {
            "line": 226,
            "column": 16
          },
          "end": {
            "line": 226,
            "column": 17
          }
        },
        "loc": {
          "start": {
            "line": 226,
            "column": 39
          },
          "end": {
            "line": 231,
            "column": 6
          }
        },
        "line": 226
      },
      "34": {
        "name": "(anonymous_34)",
        "decl": {
          "start": {
            "line": 232,
            "column": 19
          },
          "end": {
            "line": 232,
            "column": 20
          }
        },
        "loc": {
          "start": {
            "line": 232,
            "column": 48
          },
          "end": {
            "line": 240,
            "column": 6
          }
        },
        "line": 232
      },
      "35": {
        "name": "(anonymous_35)",
        "decl": {
          "start": {
            "line": 241,
            "column": 19
          },
          "end": {
            "line": 241,
            "column": 20
          }
        },
        "loc": {
          "start": {
            "line": 241,
            "column": 42
          },
          "end": {
            "line": 246,
            "column": 6
          }
        },
        "line": 241
      },
      "36": {
        "name": "(anonymous_36)",
        "decl": {
          "start": {
            "line": 247,
            "column": 24
          },
          "end": {
            "line": 247,
            "column": 25
          }
        },
        "loc": {
          "start": {
            "line": 247,
            "column": 47
          },
          "end": {
            "line": 252,
            "column": 6
          }
        },
        "line": 247
      },
      "37": {
        "name": "(anonymous_37)",
        "decl": {
          "start": {
            "line": 253,
            "column": 26
          },
          "end": {
            "line": 253,
            "column": 27
          }
        },
        "loc": {
          "start": {
            "line": 253,
            "column": 55
          },
          "end": {
            "line": 261,
            "column": 6
          }
        },
        "line": 253
      },
      "38": {
        "name": "(anonymous_38)",
        "decl": {
          "start": {
            "line": 262,
            "column": 26
          },
          "end": {
            "line": 262,
            "column": 27
          }
        },
        "loc": {
          "start": {
            "line": 262,
            "column": 53
          },
          "end": {
            "line": 267,
            "column": 6
          }
        },
        "line": 262
      },
      "39": {
        "name": "(anonymous_39)",
        "decl": {
          "start": {
            "line": 268,
            "column": 27
          },
          "end": {
            "line": 268,
            "column": 28
          }
        },
        "loc": {
          "start": {
            "line": 268,
            "column": 50
          },
          "end": {
            "line": 274,
            "column": 6
          }
        },
        "line": 268
      },
      "40": {
        "name": "(anonymous_40)",
        "decl": {
          "start": {
            "line": 275,
            "column": 27
          },
          "end": {
            "line": 275,
            "column": 28
          }
        },
        "loc": {
          "start": {
            "line": 275,
            "column": 50
          },
          "end": {
            "line": 281,
            "column": 6
          }
        },
        "line": 275
      },
      "41": {
        "name": "(anonymous_41)",
        "decl": {
          "start": {
            "line": 284,
            "column": 14
          },
          "end": {
            "line": 284,
            "column": 15
          }
        },
        "loc": {
          "start": {
            "line": 284,
            "column": 31
          },
          "end": {
            "line": 289,
            "column": 6
          }
        },
        "line": 284
      }
    },
    "branchMap": {
      "0": {
        "loc": {
          "start": {
            "line": 6,
            "column": 3
          },
          "end": {
            "line": 6,
            "column": 20
          }
        },
        "type": "binary-expr",
        "locations": [
          {
            "start": {
              "line": 6,
              "column": 3
            },
            "end": {
              "line": 6,
              "column": 14
            }
          },
          {
            "start": {
              "line": 6,
              "column": 18
            },
            "end": {
              "line": 6,
              "column": 20
            }
          }
        ],
        "line": 6
      },
      "1": {
        "loc": {
          "start": {
            "line": 19,
            "column": 14
          },
          "end": {
            "line": 19,
            "column": 28
          }
        },
        "type": "default-arg",
        "locations": [
          {
            "start": {
              "line": 19,
              "column": 26
            },
            "end": {
              "line": 19,
              "column": 28
            }
          }
        ],
        "line": 19
      },
      "2": {
        "loc": {
          "start": {
            "line": 27,
            "column": 47
          },
          "end": {
            "line": 27,
            "column": 93
          }
        },
        "type": "cond-expr",
        "locations": [
          {
            "start": {
              "line": 27,
              "column": 75
            },
            "end": {
              "line": 27,
              "column": 80
            }
          },
          {
            "start": {
              "line": 27,
              "column": 83
            },
            "end": {
              "line": 27,
              "column": 93
            }
          }
        ],
        "line": 27
      },
      "3": {
        "loc": {
          "start": {
            "line": 37,
            "column": 18
          },
          "end": {
            "line": 37,
            "column": 32
          }
        },
        "type": "binary-expr",
        "locations": [
          {
            "start": {
              "line": 37,
              "column": 18
            },
            "end": {
              "line": 37,
              "column": 26
            }
          },
          {
            "start": {
              "line": 37,
              "column": 30
            },
            "end": {
              "line": 37,
              "column": 32
            }
          }
        ],
        "line": 37
      },
      "4": {
        "loc": {
          "start": {
            "line": 39,
            "column": 29
          },
          "end": {
            "line": 39,
            "column": 125
          }
        },
        "type": "cond-expr",
        "locations": [
          {
            "start": {
              "line": 39,
              "column": 57
            },
            "end": {
              "line": 39,
              "column": 92
            }
          },
          {
            "start": {
              "line": 39,
              "column": 95
            },
            "end": {
              "line": 39,
              "column": 125
            }
          }
        ],
        "line": 39
      },
      "5": {
        "loc": {
          "start": {
            "line": 43,
            "column": 11
          },
          "end": {
            "line": 43,
            "column": 47
          }
        },
        "type": "cond-expr",
        "locations": [
          {
            "start": {
              "line": 43,
              "column": 25
            },
            "end": {
              "line": 43,
              "column": 42
            }
          },
          {
            "start": {
              "line": 43,
              "column": 45
            },
            "end": {
              "line": 43,
              "column": 47
            }
          }
        ],
        "line": 43
      },
      "6": {
        "loc": {
          "start": {
            "line": 46,
            "column": 48
          },
          "end": {
            "line": 46,
            "column": 154
          }
        },
        "type": "cond-expr",
        "locations": [
          {
            "start": {
              "line": 46,
              "column": 125
            },
            "end": {
              "line": 46,
              "column": 146
            }
          },
          {
            "start": {
              "line": 46,
              "column": 149
            },
            "end": {
              "line": 46,
              "column": 154
            }
          }
        ],
        "line": 46
      },
      "7": {
        "loc": {
          "start": {
            "line": 46,
            "column": 48
          },
          "end": {
            "line": 46,
            "column": 122
          }
        },
        "type": "binary-expr",
        "locations": [
          {
            "start": {
              "line": 46,
              "column": 48
            },
            "end": {
              "line": 46,
              "column": 62
            }
          },
          {
            "start": {
              "line": 46,
              "column": 67
            },
            "end": {
              "line": 46,
              "column": 92
            }
          },
          {
            "start": {
              "line": 46,
              "column": 96
            },
            "end": {
              "line": 46,
              "column": 121
            }
          }
        ],
        "line": 46
      },
      "8": {
        "loc": {
          "start": {
            "line": 47,
            "column": 67
          },
          "end": {
            "line": 47,
            "column": 78
          }
        },
        "type": "binary-expr",
        "locations": [
          {
            "start": {
              "line": 47,
              "column": 67
            },
            "end": {
              "line": 47,
              "column": 72
            }
          },
          {
            "start": {
              "line": 47,
              "column": 76
            },
            "end": {
              "line": 47,
              "column": 78
            }
          }
        ],
        "line": 47
      },
      "9": {
        "loc": {
          "start": {
            "line": 49,
            "column": 27
          },
          "end": {
            "line": 49,
            "column": 157
          }
        },
        "type": "cond-expr",
        "locations": [
          {
            "start": {
              "line": 49,
              "column": 54
            },
            "end": {
              "line": 49,
              "column": 62
            }
          },
          {
            "start": {
              "line": 49,
              "column": 65
            },
            "end": {
              "line": 49,
              "column": 157
            }
          }
        ],
        "line": 49
      },
      "10": {
        "loc": {
          "start": {
            "line": 49,
            "column": 65
          },
          "end": {
            "line": 49,
            "column": 157
          }
        },
        "type": "cond-expr",
        "locations": [
          {
            "start": {
              "line": 49,
              "column": 117
            },
            "end": {
              "line": 49,
              "column": 141
            }
          },
          {
            "start": {
              "line": 49,
              "column": 144
            },
            "end": {
              "line": 49,
              "column": 157
            }
          }
        ],
        "line": 49
      },
      "11": {
        "loc": {
          "start": {
            "line": 49,
            "column": 65
          },
          "end": {
            "line": 49,
            "column": 114
          }
        },
        "type": "binary-expr",
        "locations": [
          {
            "start": {
              "line": 49,
              "column": 65
            },
            "end": {
              "line": 49,
              "column": 93
            }
          },
          {
            "start": {
              "line": 49,
              "column": 97
            },
            "end": {
              "line": 49,
              "column": 114
            }
          }
        ],
        "line": 49
      },
      "12": {
        "loc": {
          "start": {
            "line": 58,
            "column": 9
          },
          "end": {
            "line": 58,
            "column": 22
          }
        },
        "type": "binary-expr",
        "locations": [
          {
            "start": {
              "line": 58,
              "column": 9
            },
            "end": {
              "line": 58,
              "column": 16
            }
          },
          {
            "start": {
              "line": 58,
              "column": 20
            },
            "end": {
              "line": 58,
              "column": 22
            }
          }
        ],
        "line": 58
      },
      "13": {
        "loc": {
          "start": {
            "line": 60,
            "column": 11
          },
          "end": {
            "line": 60,
            "column": 43
          }
        },
        "type": "binary-expr",
        "locations": [
          {
            "start": {
              "line": 60,
              "column": 11
            },
            "end": {
              "line": 60,
              "column": 37
            }
          },
          {
            "start": {
              "line": 60,
              "column": 41
            },
            "end": {
              "line": 60,
              "column": 43
            }
          }
        ],
        "line": 60
      },
      "14": {
        "loc": {
          "start": {
            "line": 61,
            "column": 11
          },
          "end": {
            "line": 61,
            "column": 32
          }
        },
        "type": "binary-expr",
        "locations": [
          {
            "start": {
              "line": 61,
              "column": 11
            },
            "end": {
              "line": 61,
              "column": 26
            }
          },
          {
            "start": {
              "line": 61,
              "column": 30
            },
            "end": {
              "line": 61,
              "column": 32
            }
          }
        ],
        "line": 61
      },
      "15": {
        "loc": {
          "start": {
            "line": 62,
            "column": 11
          },
          "end": {
            "line": 62,
            "column": 43
          }
        },
        "type": "binary-expr",
        "locations": [
          {
            "start": {
              "line": 62,
              "column": 11
            },
            "end": {
              "line": 62,
              "column": 18
            }
          },
          {
            "start": {
              "line": 62,
              "column": 22
            },
            "end": {
              "line": 62,
              "column": 37
            }
          },
          {
            "start": {
              "line": 62,
              "column": 41
            },
            "end": {
              "line": 62,
              "column": 43
            }
          }
        ],
        "line": 62
      },
      "16": {
        "loc": {
          "start": {
            "line": 67,
            "column": 4
          },
          "end": {
            "line": 73,
            "column": 5
          }
        },
        "type": "if",
        "locations": [
          {
            "start": {
              "line": 67,
              "column": 4
            },
            "end": {
              "line": 73,
              "column": 5
            }
          },
          {
            "start": {},
            "end": {}
          }
        ],
        "line": 67
      },
      "17": {
        "loc": {
          "start": {
            "line": 69,
            "column": 6
          },
          "end": {
            "line": 71,
            "column": 7
          }
        },
        "type": "if",
        "locations": [
          {
            "start": {
              "line": 69,
              "column": 6
            },
            "end": {
              "line": 71,
              "column": 7
            }
          },
          {
            "start": {},
            "end": {}
          }
        ],
        "line": 69
      },
      "18": {
        "loc": {
          "start": {
            "line": 80,
            "column": 4
          },
          "end": {
            "line": 83,
            "column": 5
          }
        },
        "type": "if",
        "locations": [
          {
            "start": {
              "line": 80,
              "column": 4
            },
            "end": {
              "line": 83,
              "column": 5
            }
          },
          {
            "start": {},
            "end": {}
          }
        ],
        "line": 80
      },
      "19": {
        "loc": {
          "start": {
            "line": 96,
            "column": 25
          },
          "end": {
            "line": 96,
            "column": 168
          }
        },
        "type": "binary-expr",
        "locations": [
          {
            "start": {
              "line": 96,
              "column": 26
            },
            "end": {
              "line": 96,
              "column": 90
            }
          },
          {
            "start": {
              "line": 96,
              "column": 95
            },
            "end": {
              "line": 96,
              "column": 114
            }
          },
          {
            "start": {
              "line": 96,
              "column": 118
            },
            "end": {
              "line": 96,
              "column": 162
            }
          },
          {
            "start": {
              "line": 96,
              "column": 166
            },
            "end": {
              "line": 96,
              "column": 168
            }
          }
        ],
        "line": 96
      },
      "20": {
        "loc": {
          "start": {
            "line": 96,
            "column": 26
          },
          "end": {
            "line": 96,
            "column": 90
          }
        },
        "type": "cond-expr",
        "locations": [
          {
            "start": {
              "line": 96,
              "column": 56
            },
            "end": {
              "line": 96,
              "column": 62
            }
          },
          {
            "start": {
              "line": 96,
              "column": 65
            },
            "end": {
              "line": 96,
              "column": 90
            }
          }
        ],
        "line": 96
      },
      "21": {
        "loc": {
          "start": {
            "line": 98,
            "column": 24
          },
          "end": {
            "line": 98,
            "column": 58
          }
        },
        "type": "binary-expr",
        "locations": [
          {
            "start": {
              "line": 98,
              "column": 24
            },
            "end": {
              "line": 98,
              "column": 29
            }
          },
          {
            "start": {
              "line": 98,
              "column": 33
            },
            "end": {
              "line": 98,
              "column": 58
            }
          }
        ],
        "line": 98
      },
      "22": {
        "loc": {
          "start": {
            "line": 99,
            "column": 52
          },
          "end": {
            "line": 99,
            "column": 78
          }
        },
        "type": "binary-expr",
        "locations": [
          {
            "start": {
              "line": 99,
              "column": 52
            },
            "end": {
              "line": 99,
              "column": 56
            }
          },
          {
            "start": {
              "line": 99,
              "column": 60
            },
            "end": {
              "line": 99,
              "column": 78
            }
          }
        ],
        "line": 99
      },
      "23": {
        "loc": {
          "start": {
            "line": 100,
            "column": 27
          },
          "end": {
            "line": 100,
            "column": 57
          }
        },
        "type": "binary-expr",
        "locations": [
          {
            "start": {
              "line": 100,
              "column": 27
            },
            "end": {
              "line": 100,
              "column": 33
            }
          },
          {
            "start": {
              "line": 100,
              "column": 37
            },
            "end": {
              "line": 100,
              "column": 57
            }
          }
        ],
        "line": 100
      },
      "24": {
        "loc": {
          "start": {
            "line": 101,
            "column": 31
          },
          "end": {
            "line": 101,
            "column": 60
          }
        },
        "type": "binary-expr",
        "locations": [
          {
            "start": {
              "line": 101,
              "column": 31
            },
            "end": {
              "line": 101,
              "column": 38
            }
          },
          {
            "start": {
              "line": 101,
              "column": 42
            },
            "end": {
              "line": 101,
              "column": 54
            }
          },
          {
            "start": {
              "line": 101,
              "column": 58
            },
            "end": {
              "line": 101,
              "column": 60
            }
          }
        ],
        "line": 101
      },
      "25": {
        "loc": {
          "start": {
            "line": 101,
            "column": 70
          },
          "end": {
            "line": 101,
            "column": 106
          }
        },
        "type": "cond-expr",
        "locations": [
          {
            "start": {
              "line": 101,
              "column": 84
            },
            "end": {
              "line": 101,
              "column": 101
            }
          },
          {
            "start": {
              "line": 101,
              "column": 104
            },
            "end": {
              "line": 101,
              "column": 106
            }
          }
        ],
        "line": 101
      },
      "26": {
        "loc": {
          "start": {
            "line": 104,
            "column": 11
          },
          "end": {
            "line": 104,
            "column": 96
          }
        },
        "type": "cond-expr",
        "locations": [
          {
            "start": {
              "line": 104,
              "column": 67
            },
            "end": {
              "line": 104,
              "column": 91
            }
          },
          {
            "start": {
              "line": 104,
              "column": 94
            },
            "end": {
              "line": 104,
              "column": 96
            }
          }
        ],
        "line": 104
      },
      "27": {
        "loc": {
          "start": {
            "line": 104,
            "column": 11
          },
          "end": {
            "line": 104,
            "column": 49
          }
        },
        "type": "binary-expr",
        "locations": [
          {
            "start": {
              "line": 104,
              "column": 11
            },
            "end": {
              "line": 104,
              "column": 15
            }
          },
          {
            "start": {
              "line": 104,
              "column": 19
            },
            "end": {
              "line": 104,
              "column": 49
            }
          }
        ],
        "line": 104
      },
      "28": {
        "loc": {
          "start": {
            "line": 105,
            "column": 11
          },
          "end": {
            "line": 105,
            "column": 38
          }
        },
        "type": "binary-expr",
        "locations": [
          {
            "start": {
              "line": 105,
              "column": 11
            },
            "end": {
              "line": 105,
              "column": 32
            }
          },
          {
            "start": {
              "line": 105,
              "column": 36
            },
            "end": {
              "line": 105,
              "column": 38
            }
          }
        ],
        "line": 105
      },
      "29": {
        "loc": {
          "start": {
            "line": 107,
            "column": 14
          },
          "end": {
            "line": 107,
            "column": 72
          }
        },
        "type": "cond-expr",
        "locations": [
          {
            "start": {
              "line": 107,
              "column": 28
            },
            "end": {
              "line": 107,
              "column": 63
            }
          },
          {
            "start": {
              "line": 107,
              "column": 66
            },
            "end": {
              "line": 107,
              "column": 72
            }
          }
        ],
        "line": 107
      },
      "30": {
        "loc": {
          "start": {
            "line": 108,
            "column": 12
          },
          "end": {
            "line": 108,
            "column": 88
          }
        },
        "type": "cond-expr",
        "locations": [
          {
            "start": {
              "line": 108,
              "column": 59
            },
            "end": {
              "line": 108,
              "column": 63
            }
          },
          {
            "start": {
              "line": 108,
              "column": 66
            },
            "end": {
              "line": 108,
              "column": 88
            }
          }
        ],
        "line": 108
      },
      "31": {
        "loc": {
          "start": {
            "line": 108,
            "column": 12
          },
          "end": {
            "line": 108,
            "column": 56
          }
        },
        "type": "binary-expr",
        "locations": [
          {
            "start": {
              "line": 108,
              "column": 12
            },
            "end": {
              "line": 108,
              "column": 39
            }
          },
          {
            "start": {
              "line": 108,
              "column": 43
            },
            "end": {
              "line": 108,
              "column": 56
            }
          }
        ],
        "line": 108
      },
      "32": {
        "loc": {
          "start": {
            "line": 113,
            "column": 19
          },
          "end": {
            "line": 123,
            "column": 8
          }
        },
        "type": "cond-expr",
        "locations": [
          {
            "start": {
              "line": 113,
              "column": 37
            },
            "end": {
              "line": 113,
              "column": 38
            }
          },
          {
            "start": {
              "line": 113,
              "column": 41
            },
            "end": {
              "line": 123,
              "column": 8
            }
          }
        ],
        "line": 113
      },
      "33": {
        "loc": {
          "start": {
            "line": 114,
            "column": 8
          },
          "end": {
            "line": 118,
            "column": 9
          }
        },
        "type": "if",
        "locations": [
          {
            "start": {
              "line": 114,
              "column": 8
            },
            "end": {
              "line": 118,
              "column": 9
            }
          },
          {
            "start": {
              "line": 116,
              "column": 15
            },
            "end": {
              "line": 118,
              "column": 9
            }
          }
        ],
        "line": 114
      },
      "34": {
        "loc": {
          "start": {
            "line": 124,
            "column": 6
          },
          "end": {
            "line": 126,
            "column": 7
          }
        },
        "type": "if",
        "locations": [
          {
            "start": {
              "line": 124,
              "column": 6
            },
            "end": {
              "line": 126,
              "column": 7
            }
          },
          {
            "start": {},
            "end": {}
          }
        ],
        "line": 124
      },
      "35": {
        "loc": {
          "start": {
            "line": 127,
            "column": 6
          },
          "end": {
            "line": 128,
            "column": 19
          }
        },
        "type": "if",
        "locations": [
          {
            "start": {
              "line": 127,
              "column": 6
            },
            "end": {
              "line": 128,
              "column": 19
            }
          },
          {
            "start": {},
            "end": {}
          }
        ],
        "line": 127
      },
      "36": {
        "loc": {
          "start": {
            "line": 144,
            "column": 18
          },
          "end": {
            "line": 144,
            "column": 29
          }
        },
        "type": "default-arg",
        "locations": [
          {
            "start": {
              "line": 144,
              "column": 27
            },
            "end": {
              "line": 144,
              "column": 29
            }
          }
        ],
        "line": 144
      },
      "37": {
        "loc": {
          "start": {
            "line": 152,
            "column": 23
          },
          "end": {
            "line": 152,
            "column": 34
          }
        },
        "type": "default-arg",
        "locations": [
          {
            "start": {
              "line": 152,
              "column": 32
            },
            "end": {
              "line": 152,
              "column": 34
            }
          }
        ],
        "line": 152
      },
      "38": {
        "loc": {
          "start": {
            "line": 162,
            "column": 21
          },
          "end": {
            "line": 162,
            "column": 32
          }
        },
        "type": "default-arg",
        "locations": [
          {
            "start": {
              "line": 162,
              "column": 30
            },
            "end": {
              "line": 162,
              "column": 32
            }
          }
        ],
        "line": 162
      },
      "39": {
        "loc": {
          "start": {
            "line": 169,
            "column": 30
          },
          "end": {
            "line": 169,
            "column": 41
          }
        },
        "type": "default-arg",
        "locations": [
          {
            "start": {
              "line": 169,
              "column": 39
            },
            "end": {
              "line": 169,
              "column": 41
            }
          }
        ],
        "line": 169
      },
      "40": {
        "loc": {
          "start": {
            "line": 180,
            "column": 37
          },
          "end": {
            "line": 180,
            "column": 48
          }
        },
        "type": "default-arg",
        "locations": [
          {
            "start": {
              "line": 180,
              "column": 46
            },
            "end": {
              "line": 180,
              "column": 48
            }
          }
        ],
        "line": 180
      },
      "41": {
        "loc": {
          "start": {
            "line": 186,
            "column": 37
          },
          "end": {
            "line": 186,
            "column": 48
          }
        },
        "type": "default-arg",
        "locations": [
          {
            "start": {
              "line": 186,
              "column": 46
            },
            "end": {
              "line": 186,
              "column": 48
            }
          }
        ],
        "line": 186
      },
      "42": {
        "loc": {
          "start": {
            "line": 193,
            "column": 39
          },
          "end": {
            "line": 193,
            "column": 50
          }
        },
        "type": "default-arg",
        "locations": [
          {
            "start": {
              "line": 193,
              "column": 48
            },
            "end": {
              "line": 193,
              "column": 50
            }
          }
        ],
        "line": 193
      },
      "43": {
        "loc": {
          "start": {
            "line": 202,
            "column": 29
          },
          "end": {
            "line": 202,
            "column": 40
          }
        },
        "type": "default-arg",
        "locations": [
          {
            "start": {
              "line": 202,
              "column": 38
            },
            "end": {
              "line": 202,
              "column": 40
            }
          }
        ],
        "line": 202
      },
      "44": {
        "loc": {
          "start": {
            "line": 210,
            "column": 25
          },
          "end": {
            "line": 210,
            "column": 36
          }
        },
        "type": "default-arg",
        "locations": [
          {
            "start": {
              "line": 210,
              "column": 34
            },
            "end": {
              "line": 210,
              "column": 36
            }
          }
        ],
        "line": 210
      },
      "45": {
        "loc": {
          "start": {
            "line": 217,
            "column": 26
          },
          "end": {
            "line": 217,
            "column": 37
          }
        },
        "type": "default-arg",
        "locations": [
          {
            "start": {
              "line": 217,
              "column": 35
            },
            "end": {
              "line": 217,
              "column": 37
            }
          }
        ],
        "line": 217
      },
      "46": {
        "loc": {
          "start": {
            "line": 226,
            "column": 23
          },
          "end": {
            "line": 226,
            "column": 34
          }
        },
        "type": "default-arg",
        "locations": [
          {
            "start": {
              "line": 226,
              "column": 32
            },
            "end": {
              "line": 226,
              "column": 34
            }
          }
        ],
        "line": 226
      },
      "47": {
        "loc": {
          "start": {
            "line": 232,
            "column": 32
          },
          "end": {
            "line": 232,
            "column": 43
          }
        },
        "type": "default-arg",
        "locations": [
          {
            "start": {
              "line": 232,
              "column": 41
            },
            "end": {
              "line": 232,
              "column": 43
            }
          }
        ],
        "line": 232
      },
      "48": {
        "loc": {
          "start": {
            "line": 241,
            "column": 26
          },
          "end": {
            "line": 241,
            "column": 37
          }
        },
        "type": "default-arg",
        "locations": [
          {
            "start": {
              "line": 241,
              "column": 35
            },
            "end": {
              "line": 241,
              "column": 37
            }
          }
        ],
        "line": 241
      },
      "49": {
        "loc": {
          "start": {
            "line": 247,
            "column": 31
          },
          "end": {
            "line": 247,
            "column": 42
          }
        },
        "type": "default-arg",
        "locations": [
          {
            "start": {
              "line": 247,
              "column": 40
            },
            "end": {
              "line": 247,
              "column": 42
            }
          }
        ],
        "line": 247
      },
      "50": {
        "loc": {
          "start": {
            "line": 253,
            "column": 39
          },
          "end": {
            "line": 253,
            "column": 50
          }
        },
        "type": "default-arg",
        "locations": [
          {
            "start": {
              "line": 253,
              "column": 48
            },
            "end": {
              "line": 253,
              "column": 50
            }
          }
        ],
        "line": 253
      },
      "51": {
        "loc": {
          "start": {
            "line": 262,
            "column": 37
          },
          "end": {
            "line": 262,
            "column": 48
          }
        },
        "type": "default-arg",
        "locations": [
          {
            "start": {
              "line": 262,
              "column": 46
            },
            "end": {
              "line": 262,
              "column": 48
            }
          }
        ],
        "line": 262
      },
      "52": {
        "loc": {
          "start": {
            "line": 268,
            "column": 34
          },
          "end": {
            "line": 268,
            "column": 45
          }
        },
        "type": "default-arg",
        "locations": [
          {
            "start": {
              "line": 268,
              "column": 43
            },
            "end": {
              "line": 268,
              "column": 45
            }
          }
        ],
        "line": 268
      },
      "53": {
        "loc": {
          "start": {
            "line": 275,
            "column": 34
          },
          "end": {
            "line": 275,
            "column": 45
          }
        },
        "type": "default-arg",
        "locations": [
          {
            "start": {
              "line": 275,
              "column": 43
            },
            "end": {
              "line": 275,
              "column": 45
            }
          }
        ],
        "line": 275
      },
      "54": {
        "loc": {
          "start": {
            "line": 284,
            "column": 15
          },
          "end": {
            "line": 284,
            "column": 26
          }
        },
        "type": "default-arg",
        "locations": [
          {
            "start": {
              "line": 284,
              "column": 24
            },
            "end": {
              "line": 284,
[...]
            "line": 3,
            "column": 43
          },
          "end": {
            "line": 7,
            "column": 3
          }
        },
        "line": 3
      }
    },
    "branchMap": {},
    "s": {
      "0": 2,
      "1": 2,
      "2": 2,
      "3": 2,
      "4": 2
    },
    "f": {
      "0": 2,
      "1": 2
    },
    "b": {},
    "inputSourceMap": {
      "version": 3,
      "sources": [
        "C:/Users/User/softwareConstructionAndConfig/assignment3/vue3-realworld-example-app/src/utils/filters.spec.ts"
      ],
      "mappings": "AAAA;AAEA,SAAS,kBAAkB,MAAM;AAC/B,KAAG,gCAAgC,MAAM;AACvC,UAAM,aAAa;AACnB,UAAM,SAAS,WAAW,UAAU;AAEpC,WAAO,MAAM,EAAE,GAAG,MAAM,WAAW;AAAA,EACrC,CAAC;AACH,CAAC;",
      "names": []
    },
    "_coverageSchema": "1a1c01bbd47fc00a2c39e90264f33305004495a9",
    "hash": "10722d19f54b94d2625fd63c4bf4a2b5b9973cbe"
  },
  "C:/Users/User/softwareConstructionAndConfig/assignment3/vue3-realworld-example-app/src/utils/params-to-query.ts": {
    "path": "C:/Users/User/softwareConstructionAndConfig/assignment3/vue3-realworld-example-app/src/utils/params-to-query.ts",
    "statementMap": {
      "0": {
        "start": {
          "line": 2,
          "column": 2
        },
        "end": {
          "line": 2,
          "column": 94
        }
      },
      "1": {
        "start": {
          "line": 2,
          "column": 54
        },
        "end": {
          "line": 2,
          "column": 82
        }
      }
    },
    "fnMap": {
      "0": {
        "name": "params2query",
        "decl": {
          "start": {
            "line": 1,
            "column": 24
          },
          "end": {
            "line": 1,
            "column": 36
          }
        },
        "loc": {
          "start": {
            "line": 1,
            "column": 45
          },
          "end": {
            "line": 3,
            "column": 1
          }
        },
        "line": 1
      },
      "1": {
        "name": "(anonymous_1)",
        "decl": {
          "start": {
            "line": 2,
            "column": 36
          },
          "end": {
            "line": 2,
            "column": 37
          }
        },
        "loc": {
          "start": {
            "line": 2,
            "column": 54
          },
          "end": {
            "line": 2,
            "column": 82
          }
        },
        "line": 2
      }
    },
    "branchMap": {},
    "s": {
      "0": 2,
      "1": 4
    },
    "f": {
      "0": 2,
      "1": 4
    },
    "b": {},
    "inputSourceMap": {
      "version": 3,
      "sources": [
        "C:/Users/User/softwareConstructionAndConfig/assignment3/vue3-realworld-example-app/src/utils/params-to-query.ts"
      ],
      "mappings": "AAAA,qCAAsC,QAA2D;AAC/F,SAAO,OAAO,QAAQ,MAAM,EAAE,IAAI,CAAC,CAAC,KAAK,WAAW,GAAG,OAAO,MAAM,SAAS,GAAG,EAAE,KAAK,GAAG;AAC5F;",
      "names": []
    },
    "_coverageSchema": "1a1c01bbd47fc00a2c39e90264f33305004495a9",
    "hash": "46d9d53fabe7a192894f4db37b231e8a014c4a5e"
  },
  "C:/Users/User/softwareConstructionAndConfig/assignment3/vue3-realworld-example-app/src/utils/params-to-query.spec.ts": {
    "path": "C:/Users/User/softwareConstructionAndConfig/assignment3/vue3-realworld-example-app/src/utils/params-to-query.spec.ts",
    "statementMap": {
      "0": {
        "start": {
          "line": 2,
          "column": 0
        },
        "end": {
          "line": 11,
          "column": 3
        }
      },
      "1": {
        "start": {
          "line": 3,
          "column": 2
        },
        "end": {
          "line": 10,
          "column": 5
        }
      },
      "2": {
        "start": {
          "line": 4,
          "column": 19
        },
        "end": {
          "line": 7,
          "column": 5
        }
      },
      "3": {
        "start": {
          "line": 8,
          "column": 19
        },
        "end": {
          "line": 8,
          "column": 39
        }
      },
      "4": {
        "start": {
          "line": 9,
          "column": 4
        },
        "end": {
          "line": 9,
          "column": 49
        }
      }
    },
    "fnMap": {
      "0": {
        "name": "(anonymous_0)",
        "decl": {
          "start": {
            "line": 2,
            "column": 27
          },
          "end": {
            "line": 2,
            "column": 28
          }
        },
        "loc": {
          "start": {
            "line": 2,
            "column": 33
          },
          "end": {
            "line": 11,
            "column": 1
          }
        },
        "line": 2
      },
      "1": {
        "name": "(anonymous_1)",
        "decl": {
          "start": {
            "line": 3,
            "column": 51
          },
          "end": {
            "line": 3,
            "column": 52
          }
        },
        "loc": {
          "start": {
            "line": 3,
            "column": 57
          },
          "end": {
            "line": 10,
            "column": 3
          }
        },
        "line": 3
      }
    },
    "branchMap": {},
    "s": {
      "0": 2,
      "1": 2,
      "2": 2,
      "3": 2,
      "4": 2
    },
    "f": {
      "0": 2,
      "1": 2
    },
    "b": {},
    "inputSourceMap": {
      "version": 3,
      "sources": [
        "C:/Users/User/softwareConstructionAndConfig/assignment3/vue3-realworld-example-app/src/utils/params-to-query.spec.ts"
      ],
      "mappings": "AAAA;AAEA,SAAS,kBAAkB,MAAM;AAC/B,KAAG,8CAA8C,MAAM;AACrD,UAAM,SAAS;AAAA,MACb,KAAK;AAAA,MACL,MAAM;AAAA,IACR;AAEA,UAAM,SAAS,aAAa,MAAM;AAElC,WAAO,MAAM,EAAE,GAAG,MAAM,mBAAmB;AAAA,EAC7C,CAAC;AACH,CAAC;",
      "names": []
    },
    "_coverageSchema": "1a1c01bbd47fc00a2c39e90264f33305004495a9",
    "hash": "313ccd26196e4619cb43be8d21aa68888b63dac7"
  },
  "C:/Users/User/softwareConstructionAndConfig/assignment3/vue3-realworld-example-app/src/utils/storage.spec.ts": {
    "path": "C:/Users/User/softwareConstructionAndConfig/assignment3/vue3-realworld-example-app/src/utils/storage.spec.ts",
    "statementMap": {
      "0": {
        "start": {
          "line": 2,
          "column": 0
        },
        "end": {
          "line": 20,
          "column": 3
        }
      },
      "1": {
        "start": {
          "line": 3,
          "column": 15
        },
        "end": {
          "line": 3,
          "column": 29
        }
      },
      "2": {
        "start": {
          "line": 4,
          "column": 14
        },
        "end": {
          "line": 4,
          "column": 19
        }
      },
      "3": {
        "start": {
          "line": 5,
          "column": 18
        },
        "end": {
          "line": 5,
          "column": 34
        }
      },
      "4": {
        "start": {
          "line": 6,
          "column": 2
        },
        "end": {
          "line": 8,
          "column": 5
        }
      },
      "5": {
        "start": {
          "line": 7,
          "column": 4
        },
        "end": {
          "line": 7,
          "column": 21
        }
      },
      "6": {
        "start": {
          "line": 9,
          "column": 2
        },
        "end": {
          "line": 11,
          "column": 5
        }
      },
      "7": {
        "start": {
          "line": 10,
          "column": 4
        },
        "end": {
          "line": 10,
          "column": 37
        }
      },
      "8": {
        "start": {
          "line": 12,
          "column": 2
        },
        "end": {
          "line": 15,
          "column": 5
        }
      },
      "9": {
        "start": {
          "line": 13,
          "column": 4
        },
        "end": {
          "line": 13,
          "column": 22
        }
      },
      "10": {
        "start": {
          "line": 14,
          "column": 4
        },
        "end": {
          "line": 14,
          "column": 46
        }
      },
      "11": {
        "start": {
          "line": 16,
          "column": 2
        },
        "end": {
          "line": 19,
          "column": 5
        }
      },
      "12": {
        "start": {
          "line": 17,
          "column": 4
        },
        "end": {
          "line": 17,
          "column": 21
        }
      },
      "13": {
        "start": {
          "line": 18,
          "column": 4
        },
        "end": {
          "line": 18,
          "column": 37
        }
      }
    },
    "fnMap": {
      "0": {
        "name": "(anonymous_0)",
        "decl": {
          "start": {
            "line": 2,
            "column": 22
          },
          "end": {
            "line": 2,
            "column": 23
          }
        },
        "loc": {
          "start": {
            "line": 2,
            "column": 28
          },
          "end": {
            "line": 20,
            "column": 1
          }
        },
        "line": 2
      },
      "1": {
        "name": "(anonymous_1)",
        "decl": {
          "start": {
            "line": 6,
            "column": 9
          },
          "end": {
            "line": 6,
            "column": 10
          }
        },
        "loc": {
          "start": {
            "line": 6,
            "column": 15
          },
          "end": {
            "line": 8,
            "column": 3
          }
        },
        "line": 6
      },
      "2": {
        "name": "(anonymous_2)",
        "decl": {
          "start": {
            "line": 9,
            "column": 42
          },
          "end": {
            "line": 9,
            "column": 43
          }
        },
        "loc": {
          "start": {
            "line": 9,
            "column": 48
          },
          "end": {
            "line": 11,
            "column": 3
          }
        },
        "line": 9
      },
      "3": {
        "name": "(anonymous_3)",
        "decl": {
          "start": {
            "line": 12,
            "column": 38
          },
          "end": {
            "line": 12,
            "column": 39
          }
        },
        "loc": {
          "start": {
            "line": 12,
            "column": 44
          },
          "end": {
            "line": 15,
            "column": 3
          }
        },
        "line": 12
      },
      "4": {
        "name": "(anonymous_4)",
        "decl": {
          "start": {
            "line": 16,
            "column": 35
          },
          "end": {
            "line": 16,
            "column": 36
          }
        },
        "loc": {
          "start": {
            "line": 16,
            "column": 41
          },
          "end": {
            "line": 19,
            "column": 3
          }
        },
        "line": 16
      }
    },
    "branchMap": {},
    "s": {
      "0": 4,
      "1": 4,
      "2": 4,
      "3": 4,
      "4": 4,
      "5": 4,
      "6": 4,
      "7": 4,
      "8": 4,
      "9": 3,
      "10": 3,
      "11": 4,
      "12": 2,
      "13": 2
    },
    "f": {
      "0": 4,
      "1": 4,
      "2": 4,
      "3": 3,
      "4": 2
    },
    "b": {},
    "inputSourceMap": {
      "version": 3,
      "sources": [
        "C:/Users/User/softwareConstructionAndConfig/assignment3/vue3-realworld-example-app/src/utils/storage.spec.ts"
      ],
      "mappings": "AAAA;AAEA,SAAS,aAAa,MAAM;AAC1B,QAAM,OAAO,EAAE,KAAK,MAAM;AAC1B,QAAM,MAAM;AAEZ,QAAM,UAAU,IAAI,QAAqB,GAAG;AAE5C,SAAO,MAAM;AACX,YAAQ,OAAO;AAAA,EACjB,CAAC;AAED,KAAG,qCAAqC,MAAM;AAC5C,WAAO,QAAQ,IAAI,CAAC,EAAE,GAAG,GAAG;AAAA,EAC9B,CAAC;AAED,KAAG,iCAAiC,MAAM;AACxC,YAAQ,IAAI,IAAI;AAEhB,WAAO,QAAQ,IAAI,CAAC,EAAE,GAAG,KAAK,MAAM,IAAI;AAAA,EAC1C,CAAC;AAED,KAAG,8BAA8B,MAAM;AACrC,YAAQ,OAAO;AAEf,WAAO,QAAQ,IAAI,CAAC,EAAE,GAAG,GAAG;AAAA,EAC9B,CAAC;AACH,CAAC;",
      "names": []
    },
    "_coverageSchema": "1a1c01bbd47fc00a2c39e90264f33305004495a9",
    "hash": "991635953499888d469584bfafb0e600e2742f51"
  },
  "C:/Users/User/softwareConstructionAndConfig/assignment3/vue3-realworld-example-app/src/utils/use-async.spec.ts": {
    "path": "C:/Users/User/softwareConstructionAndConfig/assignment3/vue3-realworld-example-app/src/utils/use-async.spec.ts",
    "statementMap": {
      "0": {
        "start": {
          "line": 3,
          "column": 0
        },
        "end": {
          "line": 27,
          "column": 3
        }
      },
      "1": {
        "start": {
          "line": 4,
          "column": 22
        },
        "end": {
          "line": 4,
          "column": 49
        }
      },
      "2": {
        "start": {
          "line": 4,
          "column": 28
        },
        "end": {
          "line": 4,
          "column": 49
        }
      },
      "3": {
        "start": {
          "line": 5,
          "column": 2
        },
        "end": {
          "line": 8,
          "column": 5
        }
      },
      "4": {
        "start": {
          "line": 6,
          "column": 23
        },
        "end": {
          "line": 6,
          "column": 44
        }
      },
      "5": {
        "start": {
          "line": 7,
          "column": 4
        },
        "end": {
          "line": 7,
          "column": 37
        }
      },
      "6": {
        "start": {
          "line": 9,
          "column": 2
        },
        "end": {
          "line": 16,
          "column": 5
        }
      },
      "7": {
        "start": {
          "line": 10,
          "column": 28
        },
        "end": {
          "line": 10,
          "column": 49
        }
      },
      "8": {
        "start": {
          "line": 11,
          "column": 4
        },
        "end": {
          "line": 11,
          "column": 37
        }
      },
      "9": {
        "start": {
          "line": 12,
          "column": 20
        },
        "end": {
          "line": 12,
          "column": 25
        }
      },
      "10": {
        "start": {
          "line": 13,
          "column": 4
        },
        "end": {
          "line": 13,
          "column": 36
        }
      },
      "11": {
        "start": {
          "line": 14,
          "column": 4
        },
        "end": {
          "line": 14,
          "column": 18
        }
      },
      "12": {
        "start": {
          "line": 15,
          "column": 4
        },
        "end": {
          "line": 15,
          "column": 37
        }
      },
      "13": {
        "start": {
          "line": 17,
          "column": 2
        },
        "end": {
          "line": 20,
          "column": 5
        }
      },
      "14": {
        "start": {
          "line": 18,
          "column": 20
        },
        "end": {
          "line": 18,
          "column": 41
        }
      },
      "15": {
        "start": {
          "line": 19,
          "column": 4
        },
        "end": {
          "line": 19,
          "column": 43
        }
      },
      "16": {
        "start": {
          "line": 21,
          "column": 2
        },
        "end": {
          "line": 26,
          "column": 5
        }
      },
      "17": {
        "start": {
          "line": 22,
          "column": 25
        },
        "end": {
          "line": 22,
          "column": 78
        }
      },
      "18": {
        "start": {
          "line": 23,
          "column": 20
        },
        "end": {
          "line": 23,
          "column": 42
        }
      },
      "19": {
        "start": {
          "line": 24,
          "column": 4
        },
        "end": {
          "line": 24,
          "column": 82
        }
      },
      "20": {
        "start": {
          "line": 25,
          "column": 4
        },
        "end": {
          "line": 25,
          "column": 48
        }
      }
    },
    "fnMap": {
      "0": {
        "name": "(anonymous_0)",
        "decl": {
          "start": {
            "line": 3,
            "column": 35
          },
          "end": {
            "line": 3,
            "column": 36
          }
        },
        "loc": {
          "start": {
            "line": 3,
            "column": 41
          },
          "end": {
            "line": 27,
            "column": 1
          }
        },
        "line": 3
      },
      "1": {
        "name": "(anonymous_1)",
        "decl": {
          "start": {
            "line": 4,
            "column": 22
          },
          "end": {
            "line": 4,
            "column": 23
          }
        },
        "loc": {
          "start": {
            "line": 4,
            "column": 28
          },
          "end": {
            "line": 4,
            "column": 49
          }
        },
        "line": 4
      },
      "2": {
        "name": "(anonymous_2)",
        "decl": {
          "start": {
            "line": 5,
            "column": 45
          },
          "end": {
            "line": 5,
            "column": 46
          }
        },
        "loc": {
          "start": {
            "line": 5,
            "column": 51
          },
          "end": {
            "line": 8,
            "column": 3
          }
        },
        "line": 5
      },
      "3": {
        "name": "(anonymous_3)",
        "decl": {
          "start": {
            "line": 9,
            "column": 51
          },
          "end": {
            "line": 9,
            "column": 52
          }
        },
        "loc": {
          "start": {
            "line": 9,
            "column": 63
          },
          "end": {
            "line": 16,
            "column": 3
          }
        },
        "line": 9
      },
      "4": {
        "name": "(anonymous_4)",
        "decl": {
          "start": {
            "line": 17,
            "column": 40
          },
          "end": {
            "line": 17,
            "column": 41
          }
        },
        "loc": {
          "start": {
            "line": 17,
            "column": 46
          },
          "end": {
            "line": 20,
            "column": 3
          }
        },
        "line": 17
      },
      "5": {
        "name": "(anonymous_5)",
        "decl": {
          "start": {
            "line": 21,
            "column": 91
          },
          "end": {
            "line": 21,
            "column": 92
          }
        },
        "loc": {
          "start": {
            "line": 21,
            "column": 97
          },
          "end": {
            "line": 26,
            "column": 3
          }
        },
        "line": 21
      }
    },
    "branchMap": {},
    "s": {
      "0": 5,
      "1": 5,
      "2": 4,
      "3": 5,
      "4": 5,
      "5": 5,
      "6": 5,
      "7": 4,
      "8": 4,
      "9": 4,
      "10": 4,
      "11": 4,
      "12": 4,
      "13": 5,
      "14": 3,
      "15": 3,
      "16": 5,
      "17": 2,
      "18": 2,
      "19": 2,
      "20": 2
    },
    "f": {
      "0": 5,
      "1": 4,
      "2": 5,
      "3": 4,
      "4": 3,
      "5": 2
    },
    "b": {},
    "inputSourceMap": {
      "version": 3,
      "sources": [
        "C:/Users/User/softwareConstructionAndConfig/assignment3/vue3-realworld-example-app/src/utils/use-async.spec.ts"
      ],
      "mappings": "AAAA;AACA;AAEA,SAAS,0BAA0B,MAAM;AACvC,QAAM,cAAc,MAAqB,QAAQ,QAAQ,IAAI;AAE7D,KAAG,wCAAwC,MAAM;AAC/C,UAAM,EAAE,WAAW,SAAS,WAAW;AAEvC,WAAO,MAAM,MAAM,CAAC,EAAE,GAAG,GAAG;AAAA,EAC9B,CAAC;AAED,KAAG,8CAA8C,YAAY;AAC3D,UAAM,EAAE,QAAQ,QAAQ,SAAS,WAAW;AAE5C,WAAO,OAAO,KAAK,EAAE,GAAG,GAAG;AAE3B,UAAM,UAAU,IAAI;AAEpB,WAAO,OAAO,KAAK,EAAE,GAAG,GAAG;AAE3B,UAAM;AAEN,WAAO,OAAO,KAAK,EAAE,GAAG,GAAG;AAAA,EAC7B,CAAC;AAED,KAAG,mCAAmC,MAAM;AAC1C,UAAM,EAAE,QAAQ,SAAS,WAAW;AAEpC,WAAO,GAAG,EAAE,GAAG,GAAG,WAAW,QAAQ;AAAA,EACvC,CAAC;AAED,KAAG,sFAAsF,MAAM;AAC7F,UAAM,eAAc,GAAG,KAAK,EAAE,QAAQ,QAAQ,QAAQ,EAAE,GAAG,GAAG,GAAG,KAAK,CAAC,CAAC;AACxE,UAAM,EAAE,QAAQ,SAAS,YAAW;AAEpC,OAAG,KAAK,IAAI,IAAI,CAAC,EACd,IAAI,GAAG,EACP,OAAO,SAAS,CAAC,EACjB,IAAI,GAAG,EACP,OAAO,SAAS,IAAI;AAEvB,WAAO,YAAW,EAAE,GAAG,GAAG,WAAW,IAAI;AAAA,EAC3C,CAAC;AACH,CAAC;",
      "names": []
    },
    "_coverageSchema": "1a1c01bbd47fc00a2c39e90264f33305004495a9",
    "hash": "5a5603bffecc7516f0ae5ad4460e92996ff5eb30"
  }
}